<?xml version="1.0" encoding="UTF-8"?>
<testsuites name="TestSuitePositifScenario" time="13.058" tests="5" failures="0" skips="0" errors="0">
   <testsuite name="TestSuitePositifScenario" tests="5" failures="0" errors="0" time="13.058" skips="0" timestamp="2021-04-25 00:22:18" hostname="Cindy S - 192.168.56.1" id="Test Suites/TestSuitePositifScenario">
      <properties>
         <property name="deviceName" value=""/>
         <property name="devicePlatform" value=""/>
         <property name="logFolder" value="C:\\Users\\Cindy S\\git\\testing-api-mobile\\Reports\\20210425_002211\\TestSuitePositifScenario\\20210425_002211"/>
         <property name="logFiles" value="C:\\Users\\Cindy S\\git\\testing-api-mobile\\Reports\\20210425_002211\\TestSuitePositifScenario\\20210425_002211\\execution0.log"/>
         <property name="attachments" value=""/>
         <property name="hostName" value="Cindy S - 192.168.56.1"/>
         <property name="hostAddress" value="192.168.56.1"/>
         <property name="os" value="Windows 10 64bit"/>
         <property name="katalonVersion" value="7.9.1.208"/>
      </properties>
      <testcase name="Test Cases/TC01_CreateANewUser" time="3.858" classname="Test Cases/TC01_CreateANewUser" status="PASSED">
         <system-out><![CDATA[2021-04-25 00:22:20 - [TEST_CASE][PASSED] - Test Cases/TC01_CreateANewUser: Test Cases/TC01_CreateANewUser

2021-04-25 00:22:21 - [TEST_STEP][PASSED] - response = sendRequest(findTestObject("CreateANewUser")): Send request successfully

2021-04-25 00:22:24 - [MESSAGE][INFO] - HAR: C:\Users\Cindy S\git\testing-api-mobile\Reports\20210425_002211\TestSuitePositifScenario\20210425_002211\requests\main\0.har

2021-04-25 00:22:24 - [MESSAGE][PASSED] - Send request successfully

2021-04-25 00:22:24 - [TEST_STEP][PASSED] - verifyResponseStatusCode(response, 201): Verify response status code successfully

2021-04-25 00:22:24 - [MESSAGE][PASSED] - Verify response status code successfully

2021-04-25 00:22:24 - [TEST_STEP][PASSED] - verifyElementPropertyValue(response, "email", "george.harisson@reqres.in"): Verify element property value successfully

2021-04-25 00:22:24 - [MESSAGE][PASSED] - Verify element property value successfully

2021-04-25 00:22:24 - [TEST_STEP][PASSED] - verifyElementPropertyValue(response, "first_name", "George"): Verify element property value successfully

2021-04-25 00:22:24 - [MESSAGE][PASSED] - Verify element property value successfully

2021-04-25 00:22:24 - [TEST_STEP][PASSED] - verifyElementPropertyValue(response, "last_name", "Harisson"): Verify element property value successfully

2021-04-25 00:22:24 - [MESSAGE][PASSED] - Verify element property value successfully

2021-04-25 00:22:24 - [TEST_STEP][PASSED] - verifyElementPropertyValue(response, "avatar", "https://reqres.in/img/faces/1-image.jpg"): Verify element property value successfully

2021-04-25 00:22:24 - [MESSAGE][PASSED] - Verify element property value successfully]]></system-out>
         <system-err><![CDATA[]]></system-err>
      </testcase>
      <testcase name="Test Cases/TC05_DeleteUser" time="1.75" classname="Test Cases/TC05_DeleteUser" status="PASSED">
         <system-out><![CDATA[2021-04-25 00:22:24 - [TEST_CASE][PASSED] - Test Cases/TC05_DeleteUser: Test Cases/TC05_DeleteUser

2021-04-25 00:22:25 - [TEST_STEP][PASSED] - response = sendRequest(findTestObject("DeleteUser")): Send request successfully

2021-04-25 00:22:26 - [MESSAGE][INFO] - HAR: C:\Users\Cindy S\git\testing-api-mobile\Reports\20210425_002211\TestSuitePositifScenario\20210425_002211\requests\main\1.har

2021-04-25 00:22:26 - [MESSAGE][PASSED] - Send request successfully

2021-04-25 00:22:26 - [TEST_STEP][PASSED] - verifyResponseStatusCode(response, 204): Verify response status code successfully

2021-04-25 00:22:26 - [MESSAGE][PASSED] - Verify response status code successfully]]></system-out>
         <system-err><![CDATA[]]></system-err>
      </testcase>
      <testcase name="Test Cases/TC06_GetAllUserPaged" time="1.724" classname="Test Cases/TC06_GetAllUserPaged" status="PASSED">
         <system-out><![CDATA[2021-04-25 00:22:26 - [TEST_CASE][PASSED] - Test Cases/TC06_GetAllUserPaged: Test Cases/TC06_GetAllUserPaged

2021-04-25 00:22:26 - [TEST_STEP][PASSED] - response = sendRequest(findTestObject("GetAllUserPaged")): Send request successfully

2021-04-25 00:22:27 - [MESSAGE][INFO] - HAR: C:\Users\Cindy S\git\testing-api-mobile\Reports\20210425_002211\TestSuitePositifScenario\20210425_002211\requests\main\2.har

2021-04-25 00:22:27 - [MESSAGE][PASSED] - Send request successfully

2021-04-25 00:22:27 - [TEST_STEP][PASSED] - verifyResponseStatusCode(response, 200): Verify response status code successfully

2021-04-25 00:22:27 - [MESSAGE][PASSED] - Verify response status code successfully

2021-04-25 00:22:27 - [TEST_STEP][PASSED] - verifyElementPropertyValue(response, "page", "2"): Verify element property value successfully

2021-04-25 00:22:27 - [MESSAGE][PASSED] - Verify element property value successfully

2021-04-25 00:22:27 - [TEST_STEP][PASSED] - verifyElementPropertyValue(response, "data[0].id", "7"): Verify element property value successfully

2021-04-25 00:22:27 - [MESSAGE][PASSED] - Verify element property value successfully

2021-04-25 00:22:27 - [TEST_STEP][PASSED] - verifyElementPropertyValue(response, "data[1].id", "8"): Verify element property value successfully

2021-04-25 00:22:27 - [MESSAGE][PASSED] - Verify element property value successfully

2021-04-25 00:22:27 - [TEST_STEP][PASSED] - verifyElementPropertyValue(response, "data[2].id", "9"): Verify element property value successfully

2021-04-25 00:22:27 - [MESSAGE][PASSED] - Verify element property value successfully

2021-04-25 00:22:27 - [TEST_STEP][PASSED] - verifyElementPropertyValue(response, "data[3].id", "10"): Verify element property value successfully

2021-04-25 00:22:27 - [MESSAGE][PASSED] - Verify element property value successfully

2021-04-25 00:22:27 - [TEST_STEP][PASSED] - verifyElementPropertyValue(response, "data[4].id", "11"): Verify element property value successfully

2021-04-25 00:22:27 - [MESSAGE][PASSED] - Verify element property value successfully

2021-04-25 00:22:27 - [TEST_STEP][PASSED] - verifyElementPropertyValue(response, "data[5].id", "12"): Verify element property value successfully

2021-04-25 00:22:28 - [MESSAGE][PASSED] - Verify element property value successfully]]></system-out>
         <system-err><![CDATA[]]></system-err>
      </testcase>
      <testcase name="Test Cases/TC07_UpdateUser" time="1.91" classname="Test Cases/TC07_UpdateUser" status="PASSED">
         <system-out><![CDATA[2021-04-25 00:22:28 - [TEST_CASE][PASSED] - Test Cases/TC07_UpdateUser: Test Cases/TC07_UpdateUser

2021-04-25 00:22:28 - [TEST_STEP][PASSED] - response = sendRequest(findTestObject("UpdateUser")): Send request successfully

2021-04-25 00:22:29 - [MESSAGE][INFO] - HAR: C:\Users\Cindy S\git\testing-api-mobile\Reports\20210425_002211\TestSuitePositifScenario\20210425_002211\requests\main\3.har

2021-04-25 00:22:29 - [MESSAGE][PASSED] - Send request successfully

2021-04-25 00:22:29 - [TEST_STEP][PASSED] - verifyResponseStatusCode(response, 200): Verify response status code successfully

2021-04-25 00:22:29 - [MESSAGE][PASSED] - Verify response status code successfully

2021-04-25 00:22:29 - [TEST_STEP][PASSED] - verifyElementPropertyValue(response, "email", "janet.potter@reqres.in"): Verify element property value successfully

2021-04-25 00:22:29 - [MESSAGE][PASSED] - Verify element property value successfully

2021-04-25 00:22:29 - [TEST_STEP][PASSED] - verifyElementPropertyValue(response, "first_name", "Janet"): Verify element property value successfully

2021-04-25 00:22:29 - [MESSAGE][PASSED] - Verify element property value successfully

2021-04-25 00:22:29 - [TEST_STEP][PASSED] - verifyElementPropertyValue(response, "last_name", "Poter"): Verify element property value successfully

2021-04-25 00:22:29 - [MESSAGE][PASSED] - Verify element property value successfully

2021-04-25 00:22:29 - [TEST_STEP][PASSED] - verifyElementPropertyValue(response, "avatar", "https://reqres.in/img/faces/2-image.jpg"): Verify element property value successfully

2021-04-25 00:22:29 - [MESSAGE][PASSED] - Verify element property value successfully]]></system-out>
         <system-err><![CDATA[]]></system-err>
      </testcase>
      <testcase name="Test Cases/TC08_ViewDetailSingleUser" time="1.67" classname="Test Cases/TC08_ViewDetailSingleUser" status="PASSED">
         <system-out><![CDATA[2021-04-25 00:22:29 - [TEST_CASE][PASSED] - Test Cases/TC08_ViewDetailSingleUser: Test Cases/TC08_ViewDetailSingleUser

2021-04-25 00:22:30 - [TEST_STEP][PASSED] - response = sendRequest(findTestObject("ViewDetailSingleUser")): Send request successfully

2021-04-25 00:22:31 - [MESSAGE][INFO] - HAR: C:\Users\Cindy S\git\testing-api-mobile\Reports\20210425_002211\TestSuitePositifScenario\20210425_002211\requests\main\4.har

2021-04-25 00:22:31 - [MESSAGE][PASSED] - Send request successfully

2021-04-25 00:22:31 - [TEST_STEP][PASSED] - verifyResponseStatusCode(response, 200): Verify response status code successfully

2021-04-25 00:22:31 - [MESSAGE][PASSED] - Verify response status code successfully

2021-04-25 00:22:31 - [TEST_STEP][PASSED] - verifyElementPropertyValue(response, "data.id", "2"): Verify element property value successfully

2021-04-25 00:22:31 - [MESSAGE][PASSED] - Verify element property value successfully

2021-04-25 00:22:31 - [TEST_STEP][PASSED] - verifyElementPropertyValue(response, "data.email", "janet.weaver@reqres.in"): Verify element property value successfully

2021-04-25 00:22:31 - [MESSAGE][PASSED] - Verify element property value successfully

2021-04-25 00:22:31 - [TEST_STEP][PASSED] - verifyElementPropertyValue(response, "data.first_name", "Janet"): Verify element property value successfully

2021-04-25 00:22:31 - [MESSAGE][PASSED] - Verify element property value successfully

2021-04-25 00:22:31 - [TEST_STEP][PASSED] - verifyElementPropertyValue(response, "data.last_name", "Weaver"): Verify element property value successfully

2021-04-25 00:22:31 - [MESSAGE][PASSED] - Verify element property value successfully

2021-04-25 00:22:31 - [TEST_STEP][PASSED] - verifyElementPropertyValue(response, "data.avatar", "https://reqres.in/img/faces/2-image.jpg"): Verify element property value successfully

2021-04-25 00:22:31 - [MESSAGE][PASSED] - Verify element property value successfully]]></system-out>
         <system-err><![CDATA[]]></system-err>
      </testcase>
      <system-out><![CDATA[2021-04-25 00:22:18 - [TEST_SUITE][PASSED] - TestSuitePositifScenario: Test Cases/TC08_ViewDetailSingleUser]]></system-out>
      <system-err><![CDATA[]]></system-err>
   </testsuite>
</testsuites>
